<?xml version="1.0" encoding="UTF-8"?>
<testsuite name="MoveTest" tests="4" skipped="0" failures="0" errors="0" timestamp="2024-04-17T10:23:35" hostname="DESKTOP-A97GDF4" time="0.003">
  <properties/>
  <testcase name="testMoveRobot_NoMove" classname="MoveTest" time="0.002"/>
  <testcase name="testMoveRobot_LeftDown" classname="MoveTest" time="0.001"/>
  <testcase name="testMoveRobot_RightUp" classname="MoveTest" time="0.0"/>
  <testcase name="testMoveRobot" classname="MoveTest" time="0.0"/>
  <system-out><![CDATA[]]></system-out>
  <system-err><![CDATA[]]></system-err>
</testsuite>
