<?xml version="1.0" encoding="UTF-8"?>
<testsuite name="SITest" tests="3" skipped="0" failures="0" errors="0" timestamp="2024-04-16T18:03:39" hostname="DESKTOP-A97GDF4" time="0.001">
  <properties/>
  <testcase name="testEnumValues" classname="SITest" time="0.001"/>
  <testcase name="testGetQuantityName" classname="SITest" time="0.0"/>
  <testcase name="testEnumValueOf" classname="SITest" time="0.0"/>
  <system-out><![CDATA[]]></system-out>
  <system-err><![CDATA[]]></system-err>
</testsuite>
