<?xml version="1.0" encoding="UTF-8"?>
<testsuite name="MainTest" tests="6" skipped="0" failures="0" errors="0" timestamp="2024-04-15T17:54:16" hostname="DESKTOP-A97GDF4" time="0.019">
  <properties/>
  <testcase name="testWithScaleneTriangle" classname="MainTest" time="0.007"/>
  <testcase name="testFromProblem" classname="MainTest" time="0.001"/>
  <testcase name="testWithMinimumInputValues" classname="MainTest" time="0.001"/>
  <testcase name="testWithIsoscelesTriangle" classname="MainTest" time="0.001"/>
  <testcase name="testWithRightAngledTriangle" classname="MainTest" time="0.001"/>
  <testcase name="testWithMaximumInputValues" classname="MainTest" time="0.008"/>
  <system-out><![CDATA[]]></system-out>
  <system-err><![CDATA[]]></system-err>
</testsuite>
