<?xml version="1.0" encoding="UTF-8"?>
<testsuite name="DangerLevelTest" tests="4" skipped="0" failures="0" errors="0" timestamp="2024-04-16T18:00:19" hostname="DESKTOP-A97GDF4" time="0.002">
  <properties/>
  <testcase name="testGetLevel" classname="DangerLevelTest" time="0.001"/>
  <testcase name="testToString" classname="DangerLevelTest" time="0.0"/>
  <testcase name="testEquals" classname="DangerLevelTest" time="0.0"/>
  <testcase name="testValues" classname="DangerLevelTest" time="0.0"/>
  <system-out><![CDATA[]]></system-out>
  <system-err><![CDATA[]]></system-err>
</testsuite>
