<?xml version="1.0" encoding="UTF-8"?>
<testsuite name="PrimitiveTest" tests="4" skipped="0" failures="0" errors="0" timestamp="2024-04-17T08:19:49" hostname="DESKTOP-A97GDF4" time="0.002">
  <properties/>
  <testcase name="testToPrimitiveWithFalseBoolean" classname="PrimitiveTest" time="0.001"/>
  <testcase name="testToPrimitiveWithNonNullAndBooleanObject" classname="PrimitiveTest" time="0.0"/>
  <testcase name="testToPrimitiveWithTrueBoolean" classname="PrimitiveTest" time="0.001"/>
  <testcase name="testToPrimitiveWithNullBoolean" classname="PrimitiveTest" time="0.0"/>
  <system-out><![CDATA[]]></system-out>
  <system-err><![CDATA[]]></system-err>
</testsuite>
