<?xml version="1.0" encoding="UTF-8"?>
<testsuite name="MainTest" tests="6" skipped="0" failures="0" errors="0" timestamp="2024-04-17T10:51:22" hostname="DESKTOP-A97GDF4" time="0.013">
  <properties/>
  <testcase name="testNotEnoughMoney" classname="MainTest" time="0.011"/>
  <testcase name="testLargeBalance" classname="MainTest" time="0.0"/>
  <testcase name="testWithdrawAllMoney" classname="MainTest" time="0.001"/>
  <testcase name="testWithdrawTooMuch" classname="MainTest" time="0.0"/>
  <testcase name="testChangeBalance" classname="MainTest" time="0.001"/>
  <testcase name="testUnderflowBalance" classname="MainTest" time="0.0"/>
  <system-out><![CDATA[]]></system-out>
  <system-err><![CDATA[]]></system-err>
</testsuite>
