<?xml version="1.0" encoding="UTF-8"?>
<testsuite name="MainTest" tests="6" skipped="0" failures="0" errors="0" timestamp="2024-04-17T08:15:18" hostname="DESKTOP-A97GDF4" time="0.006">
  <properties/>
  <testcase name="testConvertWithValidLong" classname="MainTest" time="0.004"/>
  <testcase name="testConvertWithLongGreaterThanMaxInt" classname="MainTest" time="0.0"/>
  <testcase name="testConvertWithLongMaxValue" classname="MainTest" time="0.001"/>
  <testcase name="testConvertWithNullLong" classname="MainTest" time="0.0"/>
  <testcase name="testConvertWithLongMinValue" classname="MainTest" time="0.001"/>
  <testcase name="testConvertWithLongLessThanMinInt" classname="MainTest" time="0.0"/>
  <system-out><![CDATA[]]></system-out>
  <system-err><![CDATA[]]></system-err>
</testsuite>
